{
  message: 'Failed to connect to Database: Error: querySrv ECONNREFUSED _mongodb._tcp.myclaster-1.wxhqp81.mongodb.net',
  level: 'info',
  label: 'DCH',
  timestamp: '2023-07-20T15:31:57.525Z'
}
{
  message: 'Database connected successfully',
  level: 'info',
  label: 'DCH',
  timestamp: '2023-07-20T15:32:00.755Z'
}
{
  message: 'Application app listening on port~ 5000',
  level: 'info',
  label: 'DCH',
  timestamp: '2023-07-20T15:32:00.759Z'
}
{
  message: 'Database connected successfully',
  level: 'info',
  label: 'DCH',
  timestamp: '2023-07-20T15:33:44.156Z'
}
{
  message: 'Application app listening on port~ 5000',
  level: 'info',
  label: 'DCH',
  timestamp: '2023-07-20T15:33:44.163Z'
}
{
  message: 'Database connected successfully',
  level: 'info',
  label: 'DCH',
  timestamp: '2023-07-20T15:33:48.525Z'
}
{
  message: 'Application app listening on port~ 5000',
  level: 'info',
  label: 'DCH',
  timestamp: '2023-07-20T15:33:48.533Z'
}
{
  message: 'Database connected successfully',
  level: 'info',
  label: 'DCH',
  timestamp: '2023-07-20T15:33:51.178Z'
}
{
  message: 'Application app listening on port~ 5000',
  level: 'info',
  label: 'DCH',
  timestamp: '2023-07-20T15:33:51.185Z'
}
{
  message: 'Database connected successfully',
  level: 'info',
  label: 'DCH',
  timestamp: '2023-07-20T15:33:53.698Z'
}
{
  message: 'Application app listening on port~ 5000',
  level: 'info',
  label: 'DCH',
  timestamp: '2023-07-20T15:33:53.705Z'
}
{
  message: 'Database connected successfully',
  level: 'info',
  label: 'DCH',
  timestamp: '2023-07-20T15:33:56.362Z'
}
{
  message: 'Application app listening on port~ 5000',
  level: 'info',
  label: 'DCH',
  timestamp: '2023-07-20T15:33:56.367Z'
}
{
  message: 'Database connected successfully',
  level: 'info',
  label: 'DCH',
  timestamp: '2023-07-20T15:34:02.465Z'
}
{
  message: 'Application app listening on port~ 5000',
  level: 'info',
  label: 'DCH',
  timestamp: '2023-07-20T15:34:02.472Z'
}
