{
  message: 'Database connected successfully',
  level: 'info',
  label: 'DCH',
  timestamp: '2023-07-23T17:14:55.624Z'
}
{
  message: 'Application app listening on port~ 5000',
  level: 'info',
  label: 'DCH',
  timestamp: '2023-07-23T17:14:55.632Z'
}
{
  message: 'Database connected successfully',
  level: 'info',
  label: 'DCH',
  timestamp: '2023-07-23T17:16:39.474Z'
}
{
  message: 'Application app listening on port~ 5000',
  level: 'info',
  label: 'DCH',
  timestamp: '2023-07-23T17:16:39.479Z'
}
