{
  message: 'Database connected successfully',
  level: 'info',
  label: 'DCH',
  timestamp: '2023-07-25T06:11:43.752Z'
}
{
  message: 'Application app listening on port~ 5000',
  level: 'info',
  label: 'DCH',
  timestamp: '2023-07-25T06:11:43.761Z'
}
{
  message: 'Database connected successfully',
  level: 'info',
  label: 'DCH',
  timestamp: '2023-07-25T06:20:09.869Z'
}
{
  message: 'Application app listening on port~ 5000',
  level: 'info',
  label: 'DCH',
  timestamp: '2023-07-25T06:20:09.879Z'
}
{
  message: 'Database connected successfully',
  level: 'info',
  label: 'DCH',
  timestamp: '2023-07-25T06:20:37.178Z'
}
{
  message: 'Application app listening on port~ 5000',
  level: 'info',
  label: 'DCH',
  timestamp: '2023-07-25T06:20:37.187Z'
}
{
  message: 'Database connected successfully',
  level: 'info',
  label: 'DCH',
  timestamp: '2023-07-25T06:20:40.286Z'
}
{
  message: 'Application app listening on port~ 5000',
  level: 'info',
  label: 'DCH',
  timestamp: '2023-07-25T06:20:40.294Z'
}
{
  message: 'Database connected successfully',
  level: 'info',
  label: 'DCH',
  timestamp: '2023-07-25T06:43:57.140Z'
}
{
  message: 'Application app listening on port~ 5000',
  level: 'info',
  label: 'DCH',
  timestamp: '2023-07-25T06:43:57.149Z'
}
{
  message: 'Database connected successfully',
  level: 'info',
  label: 'DCH',
  timestamp: '2023-07-25T06:44:15.456Z'
}
{
  message: 'Application app listening on port~ 5000',
  level: 'info',
  label: 'DCH',
  timestamp: '2023-07-25T06:44:15.464Z'
}
{
  message: 'Database connected successfully',
  level: 'info',
  label: 'DCH',
  timestamp: '2023-07-25T06:44:28.283Z'
}
{
  message: 'Application app listening on port~ 5000',
  level: 'info',
  label: 'DCH',
  timestamp: '2023-07-25T06:44:28.293Z'
}
{
  message: 'Database connected successfully',
  level: 'info',
  label: 'DCH',
  timestamp: '2023-07-25T06:44:52.753Z'
}
{
  message: 'Application app listening on port~ 5000',
  level: 'info',
  label: 'DCH',
  timestamp: '2023-07-25T06:44:52.761Z'
}
