{
  message: 'Database connected successfully',
  level: 'info',
  label: 'DCH',
  timestamp: '2023-07-26T04:29:40.240Z'
}
{
  message: 'Application app listening on port~ 5000',
  level: 'info',
  label: 'DCH',
  timestamp: '2023-07-26T04:29:40.246Z'
}
{
  message: 'Database connected successfully',
  level: 'info',
  label: 'DCH',
  timestamp: '2023-07-26T04:33:30.769Z'
}
{
  message: 'Application app listening on port~ 5000',
  level: 'info',
  label: 'DCH',
  timestamp: '2023-07-26T04:33:30.777Z'
}
{
  message: 'Database connected successfully',
  level: 'info',
  label: 'DCH',
  timestamp: '2023-07-26T04:33:46.078Z'
}
{
  message: 'Application app listening on port~ 5000',
  level: 'info',
  label: 'DCH',
  timestamp: '2023-07-26T04:33:46.087Z'
}
{
  message: 'Database connected successfully',
  level: 'info',
  label: 'DCH',
  timestamp: '2023-07-26T04:35:07.043Z'
}
{
  message: 'Application app listening on port~ 5000',
  level: 'info',
  label: 'DCH',
  timestamp: '2023-07-26T04:35:07.053Z'
}
{
  message: 'Database connected successfully',
  level: 'info',
  label: 'DCH',
  timestamp: '2023-07-26T04:35:55.026Z'
}
{
  message: 'Application app listening on port~ 5000',
  level: 'info',
  label: 'DCH',
  timestamp: '2023-07-26T04:35:55.034Z'
}
{
  message: 'Database connected successfully',
  level: 'info',
  label: 'DCH',
  timestamp: '2023-07-26T04:36:01.585Z'
}
{
  message: 'Application app listening on port~ 5000',
  level: 'info',
  label: 'DCH',
  timestamp: '2023-07-26T04:36:01.593Z'
}
{
  message: 'Database connected successfully',
  level: 'info',
  label: 'DCH',
  timestamp: '2023-07-26T04:36:12.915Z'
}
{
  message: 'Application app listening on port~ 5000',
  level: 'info',
  label: 'DCH',
  timestamp: '2023-07-26T04:36:12.923Z'
}
{
  message: 'Database connected successfully',
  level: 'info',
  label: 'DCH',
  timestamp: '2023-07-26T04:36:13.964Z'
}
{
  message: 'Application app listening on port~ 5000',
  level: 'info',
  label: 'DCH',
  timestamp: '2023-07-26T04:36:13.973Z'
}
{
  message: 'Database connected successfully',
  level: 'info',
  label: 'DCH',
  timestamp: '2023-07-26T04:36:15.018Z'
}
{
  message: 'Application app listening on port~ 5000',
  level: 'info',
  label: 'DCH',
  timestamp: '2023-07-26T04:36:15.024Z'
}
{
  message: 'Database connected successfully',
  level: 'info',
  label: 'DCH',
  timestamp: '2023-07-26T04:36:22.923Z'
}
{
  message: 'Application app listening on port~ 5000',
  level: 'info',
  label: 'DCH',
  timestamp: '2023-07-26T04:36:22.932Z'
}
{
  message: 'Database connected successfully',
  level: 'info',
  label: 'DCH',
  timestamp: '2023-07-26T04:36:37.298Z'
}
{
  message: 'Application app listening on port~ 5000',
  level: 'info',
  label: 'DCH',
  timestamp: '2023-07-26T04:36:37.306Z'
}
{
  message: 'Database connected successfully',
  level: 'info',
  label: 'DCH',
  timestamp: '2023-07-26T04:36:40.691Z'
}
{
  message: 'Application app listening on port~ 5000',
  level: 'info',
  label: 'DCH',
  timestamp: '2023-07-26T04:36:40.700Z'
}
{
  message: 'Database connected successfully',
  level: 'info',
  label: 'DCH',
  timestamp: '2023-07-26T04:36:44.881Z'
}
{
  message: 'Application app listening on port~ 5000',
  level: 'info',
  label: 'DCH',
  timestamp: '2023-07-26T04:36:44.889Z'
}
{
  message: 'Database connected successfully',
  level: 'info',
  label: 'DCH',
  timestamp: '2023-07-26T04:36:49.642Z'
}
{
  message: 'Application app listening on port~ 5000',
  level: 'info',
  label: 'DCH',
  timestamp: '2023-07-26T04:36:49.650Z'
}
{
  message: 'Database connected successfully',
  level: 'info',
  label: 'DCH',
  timestamp: '2023-07-26T04:36:56.166Z'
}
{
  message: 'Application app listening on port~ 5000',
  level: 'info',
  label: 'DCH',
  timestamp: '2023-07-26T04:36:56.176Z'
}
{
  message: 'Database connected successfully',
  level: 'info',
  label: 'DCH',
  timestamp: '2023-07-26T04:36:57.300Z'
}
{
  message: 'Application app listening on port~ 5000',
  level: 'info',
  label: 'DCH',
  timestamp: '2023-07-26T04:36:57.326Z'
}
{
  message: 'Database connected successfully',
  level: 'info',
  label: 'DCH',
  timestamp: '2023-07-26T04:37:05.501Z'
}
{
  message: 'Application app listening on port~ 5000',
  level: 'info',
  label: 'DCH',
  timestamp: '2023-07-26T04:37:05.510Z'
}
{
  message: 'Database connected successfully',
  level: 'info',
  label: 'DCH',
  timestamp: '2023-07-26T04:37:08.191Z'
}
{
  message: 'Application app listening on port~ 5000',
  level: 'info',
  label: 'DCH',
  timestamp: '2023-07-26T04:37:08.204Z'
}
{
  message: 'Database connected successfully',
  level: 'info',
  label: 'DCH',
  timestamp: '2023-07-26T04:37:11.950Z'
}
{
  message: 'Application app listening on port~ 5000',
  level: 'info',
  label: 'DCH',
  timestamp: '2023-07-26T04:37:11.956Z'
}
{
  message: 'Database connected successfully',
  level: 'info',
  label: 'DCH',
  timestamp: '2023-07-26T04:37:21.971Z'
}
{
  message: 'Application app listening on port~ 5000',
  level: 'info',
  label: 'DCH',
  timestamp: '2023-07-26T04:37:21.979Z'
}
{
  message: 'Database connected successfully',
  level: 'info',
  label: 'DCH',
  timestamp: '2023-07-26T04:37:28.796Z'
}
{
  message: 'Application app listening on port~ 5000',
  level: 'info',
  label: 'DCH',
  timestamp: '2023-07-26T04:37:28.806Z'
}
{
  message: 'Database connected successfully',
  level: 'info',
  label: 'DCH',
  timestamp: '2023-07-26T04:37:30.146Z'
}
{
  message: 'Application app listening on port~ 5000',
  level: 'info',
  label: 'DCH',
  timestamp: '2023-07-26T04:37:30.156Z'
}
{
  message: 'Database connected successfully',
  level: 'info',
  label: 'DCH',
  timestamp: '2023-07-26T04:38:00.692Z'
}
{
  message: 'Application app listening on port~ 5000',
  level: 'info',
  label: 'DCH',
  timestamp: '2023-07-26T04:38:00.700Z'
}
{
  message: 'Database connected successfully',
  level: 'info',
  label: 'DCH',
  timestamp: '2023-07-26T04:38:13.779Z'
}
{
  message: 'Application app listening on port~ 5000',
  level: 'info',
  label: 'DCH',
  timestamp: '2023-07-26T04:38:13.788Z'
}
{
  message: 'Database connected successfully',
  level: 'info',
  label: 'DCH',
  timestamp: '2023-07-26T04:39:01.219Z'
}
{
  message: 'Application app listening on port~ 5000',
  level: 'info',
  label: 'DCH',
  timestamp: '2023-07-26T04:39:01.225Z'
}
{
  message: 'Database connected successfully',
  level: 'info',
  label: 'DCH',
  timestamp: '2023-07-26T04:39:02.875Z'
}
{
  message: 'Application app listening on port~ 5000',
  level: 'info',
  label: 'DCH',
  timestamp: '2023-07-26T04:39:02.884Z'
}
{
  message: 'Database connected successfully',
  level: 'info',
  label: 'DCH',
  timestamp: '2023-07-26T04:39:04.335Z'
}
{
  message: 'Application app listening on port~ 5000',
  level: 'info',
  label: 'DCH',
  timestamp: '2023-07-26T04:39:04.343Z'
}
{
  message: 'Database connected successfully',
  level: 'info',
  label: 'DCH',
  timestamp: '2023-07-26T04:39:05.676Z'
}
{
  message: 'Application app listening on port~ 5000',
  level: 'info',
  label: 'DCH',
  timestamp: '2023-07-26T04:39:05.686Z'
}
{
  message: 'Database connected successfully',
  level: 'info',
  label: 'DCH',
  timestamp: '2023-07-26T04:39:08.327Z'
}
{
  message: 'Application app listening on port~ 5000',
  level: 'info',
  label: 'DCH',
  timestamp: '2023-07-26T04:39:08.335Z'
}
{
  message: 'Database connected successfully',
  level: 'info',
  label: 'DCH',
  timestamp: '2023-07-26T04:39:10.163Z'
}
{
  message: 'Application app listening on port~ 5000',
  level: 'info',
  label: 'DCH',
  timestamp: '2023-07-26T04:39:10.173Z'
}
{
  message: 'Database connected successfully',
  level: 'info',
  label: 'DCH',
  timestamp: '2023-07-26T04:39:11.312Z'
}
{
  message: 'Application app listening on port~ 5000',
  level: 'info',
  label: 'DCH',
  timestamp: '2023-07-26T04:39:11.320Z'
}
{
  message: 'Database connected successfully',
  level: 'info',
  label: 'DCH',
  timestamp: '2023-07-26T04:39:46.715Z'
}
{
  message: 'Application app listening on port~ 5000',
  level: 'info',
  label: 'DCH',
  timestamp: '2023-07-26T04:39:46.720Z'
}
{
  message: 'Database connected successfully',
  level: 'info',
  label: 'DCH',
  timestamp: '2023-07-26T04:50:32.879Z'
}
{
  message: 'Application app listening on port~ 5000',
  level: 'info',
  label: 'DCH',
  timestamp: '2023-07-26T04:50:32.891Z'
}
{
  message: 'Database connected successfully',
  level: 'info',
  label: 'DCH',
  timestamp: '2023-07-26T04:50:42.739Z'
}
{
  message: 'Application app listening on port~ 5000',
  level: 'info',
  label: 'DCH',
  timestamp: '2023-07-26T04:50:42.747Z'
}
{
  message: 'Database connected successfully',
  level: 'info',
  label: 'DCH',
  timestamp: '2023-07-26T04:50:48.826Z'
}
{
  message: 'Application app listening on port~ 5000',
  level: 'info',
  label: 'DCH',
  timestamp: '2023-07-26T04:50:48.835Z'
}
{
  message: 'Database connected successfully',
  level: 'info',
  label: 'DCH',
  timestamp: '2023-07-26T04:52:55.778Z'
}
{
  message: 'Application app listening on port~ 5000',
  level: 'info',
  label: 'DCH',
  timestamp: '2023-07-26T04:52:55.788Z'
}
{
  message: 'Database connected successfully',
  level: 'info',
  label: 'DCH',
  timestamp: '2023-07-26T04:53:18.587Z'
}
{
  message: 'Application app listening on port~ 5000',
  level: 'info',
  label: 'DCH',
  timestamp: '2023-07-26T04:53:18.596Z'
}
{
  message: 'Database connected successfully',
  level: 'info',
  label: 'DCH',
  timestamp: '2023-07-26T04:53:40.564Z'
}
{
  message: 'Application app listening on port~ 5000',
  level: 'info',
  label: 'DCH',
  timestamp: '2023-07-26T04:53:40.572Z'
}
{
  message: 'Database connected successfully',
  level: 'info',
  label: 'DCH',
  timestamp: '2023-07-26T04:53:42.630Z'
}
{
  message: 'Application app listening on port~ 5000',
  level: 'info',
  label: 'DCH',
  timestamp: '2023-07-26T04:53:42.638Z'
}
{
  message: 'Database connected successfully',
  level: 'info',
  label: 'DCH',
  timestamp: '2023-07-26T04:53:43.874Z'
}
{
  message: 'Application app listening on port~ 5000',
  level: 'info',
  label: 'DCH',
  timestamp: '2023-07-26T04:53:43.882Z'
}
{
  message: 'Database connected successfully',
  level: 'info',
  label: 'DCH',
  timestamp: '2023-07-26T04:53:46.301Z'
}
{
  message: 'Application app listening on port~ 5000',
  level: 'info',
  label: 'DCH',
  timestamp: '2023-07-26T04:53:46.306Z'
}
